--------------------------------------------------------------------------------
Release 14.7 Trace  (nt64)
Copyright (c) 1995-2013 Xilinx, Inc.  All rights reserved.

C:\Xilinx\14.7\ISE_DS\ISE\bin\nt64\unwrapped\trce.exe
C:\Users\Lukas Schwartz\Documents\GitHub\Projekt-2014\FPGA\smartxplorer_results\run5\fpga_main.ncd
C:\Users\Lukas Schwartz\Documents\GitHub\Projekt-2014\FPGA\smartxplorer_results\run5\fpga_main.pcf
-xml
C:\Users\Lukas Schwartz\Documents\GitHub\Projekt-2014\FPGA\smartxplorer_results\run5\fpga_main.twx
-v 3 -s 4 -n 3 -fastpaths -ucf ports.ucf -o
C:\Users\Lukas Schwartz\Documents\GitHub\Projekt-2014\FPGA\smartxplorer_results\run5\fpga_main.twr

Design file:              fpga_main.ncd
Physical constraint file: fpga_main.pcf
Device,package,speed:     xc3s100e,tq144,-4 (PRODUCTION 1.27 2013-10-13)
Report level:             verbose report

Environment Variable      Effect 
--------------------      ------ 
NONE                      No environment variables were set
--------------------------------------------------------------------------------

INFO:Timing:2698 - No timing constraints found, doing default enumeration.
INFO:Timing:3412 - To improve timing, see the Timing Closure User Guide (UG612).
INFO:Timing:2752 - To get complete path coverage, use the unconstrained paths 
   option. All paths that are not constrained will be reported in the 
   unconstrained paths section(s) of the report.
INFO:Timing:3339 - The clock-to-out numbers in this timing report are based on 
   a 50 Ohm transmission line loading model.  For the details of this model, 
   and for more information on accounting for different loading conditions, 
   please see the device datasheet.
INFO:Timing:3390 - This architecture does not support a default System Jitter 
   value, please add SYSTEM_JITTER constraint to the UCF to modify the Clock 
   Uncertainty calculation.
INFO:Timing:3389 - This architecture does not support 'Discrete Jitter' and 
   'Phase Error' calculations, these terms will be zero in the Clock 
   Uncertainty calculation.  Please make appropriate modification to 
   SYSTEM_JITTER to account for the unsupported Discrete Jitter and Phase 
   Error.



Data Sheet report:
-----------------
All values displayed in nanoseconds (ns)

Setup/Hold to clock Clk
------------+------------+------------+------------------+--------+
            |Max Setup to|Max Hold to |                  | Clock  |
Source      | clk (edge) | clk (edge) |Internal Clock(s) | Phase  |
------------+------------+------------+------------------+--------+
BTN<2>      |    2.105(R)|   -0.232(R)|Clk_BUFGP         |   0.000|
BTN<3>      |    1.850(R)|   -0.114(R)|Clk_BUFGP         |   0.000|
HallA<0>    |    5.791(R)|    0.190(R)|Clk_BUFGP         |   0.000|
HallA<1>    |    5.267(R)|    0.209(R)|Clk_BUFGP         |   0.000|
HallA<2>    |    1.567(R)|    0.270(R)|Clk_BUFGP         |   0.000|
HallB<0>    |    5.263(R)|    0.679(R)|Clk_BUFGP         |   0.000|
HallB<1>    |    4.967(R)|    0.791(R)|Clk_BUFGP         |   0.000|
HallB<2>    |    1.295(R)|    0.776(R)|Clk_BUFGP         |   0.000|
------------+------------+------------+------------------+--------+

Setup/Hold to clock SPI_MClk
------------+------------+------------+------------------+--------+
            |Max Setup to|Max Hold to |                  | Clock  |
Source      | clk (edge) | clk (edge) |Internal Clock(s) | Phase  |
------------+------------+------------+------------------+--------+
SPI_MOSI    |    0.732(R)|    0.594(R)|SPI_MClk_BUFGP    |   0.000|
------------+------------+------------+------------------+--------+

Clock Clk to Pad
------------+------------+------------------+--------+
            | clk (edge) |                  | Clock  |
Destination |   to PAD   |Internal Clock(s) | Phase  |
------------+------------+------------------+--------+
AN<0>       |    9.546(R)|Clk_BUFGP         |   0.000|
AN<1>       |    9.393(R)|Clk_BUFGP         |   0.000|
AN<2>       |    9.383(R)|Clk_BUFGP         |   0.000|
AN<3>       |    8.899(R)|Clk_BUFGP         |   0.000|
MotorA<0>   |   15.902(R)|Clk_BUFGP         |   0.000|
MotorA<1>   |   16.086(R)|Clk_BUFGP         |   0.000|
MotorA<2>   |   10.908(R)|Clk_BUFGP         |   0.000|
MotorB<0>   |   15.972(R)|Clk_BUFGP         |   0.000|
MotorB<1>   |   16.303(R)|Clk_BUFGP         |   0.000|
MotorB<2>   |   10.556(R)|Clk_BUFGP         |   0.000|
Seg<0>      |   14.168(R)|Clk_BUFGP         |   0.000|
Seg<1>      |   13.745(R)|Clk_BUFGP         |   0.000|
Seg<2>      |   14.169(R)|Clk_BUFGP         |   0.000|
Seg<3>      |   13.892(R)|Clk_BUFGP         |   0.000|
Seg<4>      |   14.160(R)|Clk_BUFGP         |   0.000|
Seg<5>      |   13.779(R)|Clk_BUFGP         |   0.000|
Seg<6>      |   15.207(R)|Clk_BUFGP         |   0.000|
------------+------------+------------------+--------+

Clock SPI_MClk to Pad
------------+------------+------------------+--------+
            | clk (edge) |                  | Clock  |
Destination |   to PAD   |Internal Clock(s) | Phase  |
------------+------------+------------------+--------+
SPI_MISO    |    7.947(F)|SPI_MClk_BUFGP    |   0.000|
------------+------------+------------------+--------+

Clock SPI_SS to Pad
------------+------------+------------------+--------+
            | clk (edge) |                  | Clock  |
Destination |   to PAD   |Internal Clock(s) | Phase  |
------------+------------+------------------+--------+
MotorA<0>   |   14.933(R)|SPI_SS_IBUF       |   0.000|
MotorA<1>   |   15.117(R)|SPI_SS_IBUF       |   0.000|
MotorA<2>   |    9.085(R)|SPI_SS_IBUF       |   0.000|
MotorB<0>   |   12.925(R)|SPI_SS_IBUF       |   0.000|
MotorB<1>   |   13.256(R)|SPI_SS_IBUF       |   0.000|
MotorB<2>   |    9.662(R)|SPI_SS_IBUF       |   0.000|
------------+------------+------------------+--------+

Clock to Setup on destination clock Clk
---------------+---------+---------+---------+---------+
               | Src:Rise| Src:Fall| Src:Rise| Src:Fall|
Source Clock   |Dest:Rise|Dest:Rise|Dest:Fall|Dest:Fall|
---------------+---------+---------+---------+---------+
Clk            |    9.683|         |         |         |
SPI_SS         |    6.808|         |         |         |
---------------+---------+---------+---------+---------+

Clock to Setup on destination clock SPI_MClk
---------------+---------+---------+---------+---------+
               | Src:Rise| Src:Fall| Src:Rise| Src:Fall|
Source Clock   |Dest:Rise|Dest:Rise|Dest:Fall|Dest:Fall|
---------------+---------+---------+---------+---------+
SPI_MClk       |    3.189|         |    1.445|         |
SPI_SS         |    2.907|    2.884|    1.371|    1.371|
---------------+---------+---------+---------+---------+

Clock to Setup on destination clock SPI_SS
---------------+---------+---------+---------+---------+
               | Src:Rise| Src:Fall| Src:Rise| Src:Fall|
Source Clock   |Dest:Rise|Dest:Rise|Dest:Fall|Dest:Fall|
---------------+---------+---------+---------+---------+
Clk            |    4.434|         |         |         |
SPI_MClk       |    2.953|         |         |         |
SPI_SS         |    3.307|         |         |         |
---------------+---------+---------+---------+---------+

Pad to Pad
---------------+---------------+---------+
Source Pad     |Destination Pad|  Delay  |
---------------+---------------+---------+
BTN<2>         |Seg<0>         |   11.647|
BTN<2>         |Seg<1>         |   11.359|
BTN<2>         |Seg<2>         |   11.648|
BTN<2>         |Seg<3>         |   11.371|
BTN<2>         |Seg<4>         |   11.639|
BTN<2>         |Seg<5>         |   11.400|
BTN<2>         |Seg<6>         |   12.686|
---------------+---------------+---------+


Analysis completed Thu Apr 10 17:30:00 2014 
--------------------------------------------------------------------------------

Trace Settings:
-------------------------
Trace Settings 

Peak Memory Usage: 165 MB



