Running: C:\Xilinx\14.7\ISE_DS\ISE\bin\nt64\unwrapped\fuse.exe -intstyle ise -incremental -o C:/.Xilinx/PWm2/test_isim_beh.exe -prj C:/.Xilinx/PWm2/test_beh.prj work.test 
ISim P.20131013 (signature 0x7708f090)
Number of CPUs detected in this system: 1
Turning on mult-threading, number of parallel sub-compilation jobs: 0 
Determining compilation order of HDL files
Parsing VHDL file "C:/.Xilinx/PWm2/Main.vhd" into library work
Parsing VHDL file "C:/.Xilinx/PWm2/test.vhd" into library work
Starting static elaboration
Completed static elaboration
Compiling package standard
Compiling package std_logic_1164
Compiling package std_logic_arith
Compiling package std_logic_unsigned
Compiling architecture behavioral of entity Main [main_default]
Compiling architecture behavior of entity test
Time Resolution for simulation is 1ps.
Compiled 7 VHDL Units
Built simulation executable C:/.Xilinx/PWm2/test_isim_beh.exe
Fuse Memory Usage: 32096 KB
Fuse CPU Usage: 420 ms
