Release 14.7 - xst P.20131013 (nt64)
Copyright (c) 1995-2013 Xilinx, Inc.  All rights reserved.
--> Parameter TMPDIR set to xst/projnav.tmp


Total REAL time to Xst completion: 1.00 secs
Total CPU time to Xst completion: 0.14 secs
 
--> Parameter xsthdpdir set to xst


Total REAL time to Xst completion: 1.00 secs
Total CPU time to Xst completion: 0.14 secs
 
--> Reading design: Main.prj

TABLE OF CONTENTS
  1) Synthesis Options Summary
  2) HDL Compilation
  3) Design Hierarchy Analysis
  4) HDL Analysis
  5) HDL Synthesis
     5.1) HDL Synthesis Report
  6) Advanced HDL Synthesis
     6.1) Advanced HDL Synthesis Report
  7) Low Level Synthesis
  8) Partition Report
  9) Final Report
	9.1) Device utilization summary
	9.2) Partition Resource Summary
	9.3) TIMING REPORT


=========================================================================
*                      Synthesis Options Summary                        *
=========================================================================
---- Source Parameters
Input File Name                    : "Main.prj"
Input Format                       : mixed
Ignore Synthesis Constraint File   : NO

---- Target Parameters
Output File Name                   : "Main"
Output Format                      : NGC
Target Device                      : xc3s500e-4-fg320

---- Source Options
Top Module Name                    : Main
Automatic FSM Extraction           : YES
FSM Encoding Algorithm             : Auto
Safe Implementation                : No
FSM Style                          : LUT
RAM Extraction                     : Yes
RAM Style                          : Auto
ROM Extraction                     : Yes
Mux Style                          : Auto
Decoder Extraction                 : YES
Priority Encoder Extraction        : Yes
Shift Register Extraction          : YES
Logical Shifter Extraction         : YES
XOR Collapsing                     : YES
ROM Style                          : Auto
Mux Extraction                     : Yes
Resource Sharing                   : YES
Asynchronous To Synchronous        : NO
Multiplier Style                   : Auto
Automatic Register Balancing       : No

---- Target Options
Add IO Buffers                     : YES
Global Maximum Fanout              : 100000
Add Generic Clock Buffer(BUFG)     : 24
Register Duplication               : YES
Slice Packing                      : YES
Optimize Instantiated Primitives   : NO
Use Clock Enable                   : Yes
Use Synchronous Set                : Yes
Use Synchronous Reset              : Yes
Pack IO Registers into IOBs        : Auto
Equivalent register Removal        : YES

---- General Options
Optimization Goal                  : Speed
Optimization Effort                : 1
Keep Hierarchy                     : No
Netlist Hierarchy                  : As_Optimized
RTL Output                         : Yes
Global Optimization                : AllClockNets
Read Cores                         : YES
Write Timing Constraints           : NO
Cross Clock Analysis               : NO
Hierarchy Separator                : /
Bus Delimiter                      : <>
Case Specifier                     : Maintain
Slice Utilization Ratio            : 100
BRAM Utilization Ratio             : 100
Verilog 2001                       : YES
Auto BRAM Packing                  : NO
Slice Utilization Ratio Delta      : 5

=========================================================================


=========================================================================
*                          HDL Compilation                              *
=========================================================================
Compiling vhdl file "C:/.Xilinx/PWm2/Main.vhd" in Library work.
Entity <main> compiled.
Entity <main> (Architecture <behavioral>) compiled.

=========================================================================
*                     Design Hierarchy Analysis                         *
=========================================================================
Analyzing hierarchy for entity <Main> in library <work> (architecture <behavioral>).


=========================================================================
*                            HDL Analysis                               *
=========================================================================
Analyzing Entity <Main> in library <work> (Architecture <behavioral>).
Entity <Main> analyzed. Unit <Main> generated.


=========================================================================
*                           HDL Synthesis                               *
=========================================================================

Performing bidirectional port resolution...

Synthesizing Unit <Main>.
    Related source file is "C:/.Xilinx/PWm2/Main.vhd".
    Found 11-bit comparator greater for signal <Pin$cmp_gt0000> created at line 71.
    Found 11-bit up counter for signal <prescaler>.
    Summary:
	inferred   1 Counter(s).
	inferred   1 Comparator(s).
Unit <Main> synthesized.


=========================================================================
HDL Synthesis Report

Macro Statistics
# Counters                                             : 1
 11-bit up counter                                     : 1
# Comparators                                          : 1
 11-bit comparator greater                             : 1

=========================================================================

=========================================================================
*                       Advanced HDL Synthesis                          *
=========================================================================


=========================================================================
Advanced HDL Synthesis Report

Macro Statistics
# Counters                                             : 1
 11-bit up counter                                     : 1
# Comparators                                          : 1
 11-bit comparator greater                             : 1

=========================================================================

=========================================================================
*                         Low Level Synthesis                           *
=========================================================================

Optimizing unit <Main> ...

Mapping all equations...
Building and optimizing final netlist ...
Found area constraint ratio of 100 (+ 5) on block Main, actual ratio is 0.

Final Macro Processing ...

=========================================================================
Final Register Report

Macro Statistics
# Registers                                            : 11
 Flip-Flops                                            : 11

=========================================================================

=========================================================================
*                           Partition Report                            *
=========================================================================

Partition Implementation Status
-------------------------------

  No Partitions were found in this design.

-------------------------------

=========================================================================
*                            Final Report                               *
=========================================================================
Final Results
RTL Top Level Output File Name     : Main.ngr
Top Level Output File Name         : Main
Output Format                      : NGC
Optimization Goal                  : Speed
Keep Hierarchy                     : No

Design Statistics
# IOs                              : 25

Cell Usage :
# BELS                             : 52
#      GND                         : 1
#      INV                         : 1
#      LUT1                        : 10
#      LUT2                        : 8
#      LUT3                        : 1
#      MUXCY                       : 19
#      VCC                         : 1
#      XORCY                       : 11
# FlipFlops/Latches                : 11
#      FD                          : 11
# Clock Buffers                    : 1
#      BUFGP                       : 1
# IO Buffers                       : 24
#      IBUF                        : 8
#      OBUF                        : 16
=========================================================================

Device utilization summary:
---------------------------

Selected Device : 3s500efg320-4 

 Number of Slices:                       11  out of   4656     0%  
 Number of Slice Flip Flops:             11  out of   9312     0%  
 Number of 4 input LUTs:                 20  out of   9312     0%  
 Number of IOs:                          25
 Number of bonded IOBs:                  25  out of    232    10%  
 Number of GCLKs:                         1  out of     24     4%  

---------------------------
Partition Resource Summary:
---------------------------

  No Partitions were found in this design.

---------------------------


=========================================================================
TIMING REPORT

NOTE: THESE TIMING NUMBERS ARE ONLY A SYNTHESIS ESTIMATE.
      FOR ACCURATE TIMING INFORMATION PLEASE REFER TO THE TRACE REPORT
      GENERATED AFTER PLACE-and-ROUTE.

Clock Information:
------------------
-----------------------------------+------------------------+-------+
Clock Signal                       | Clock buffer(FF name)  | Load  |
-----------------------------------+------------------------+-------+
clk                                | BUFGP                  | 11    |
-----------------------------------+------------------------+-------+

Asynchronous Control Signals Information:
----------------------------------------
No asynchronous control signals found in this design

Timing Summary:
---------------
Speed Grade: -4

   Minimum period: 3.965ns (Maximum Frequency: 252.207MHz)
   Minimum input arrival time before clock: No path found
   Maximum output required time after clock: 7.282ns
   Maximum combinational path delay: 7.850ns

Timing Detail:
--------------
All values displayed in nanoseconds (ns)

=========================================================================
Timing constraint: Default period analysis for Clock 'clk'
  Clock period: 3.965ns (frequency: 252.207MHz)
  Total number of paths / destination ports: 66 / 11
-------------------------------------------------------------------------
Delay:               3.965ns (Levels of Logic = 11)
  Source:            prescaler_1 (FF)
  Destination:       prescaler_10 (FF)
  Source Clock:      clk rising
  Destination Clock: clk rising

  Data Path: prescaler_1 to prescaler_10
                                Gate     Net
    Cell:in->out      fanout   Delay   Delay  Logical Name (Net Name)
    ----------------------------------------  ------------
     FD:C->Q               2   0.591   0.622  prescaler_1 (prescaler_1)
     LUT1:I0->O            1   0.704   0.000  Mcount_prescaler_cy<1>_rt (Mcount_prescaler_cy<1>_rt)
     MUXCY:S->O            1   0.464   0.000  Mcount_prescaler_cy<1> (Mcount_prescaler_cy<1>)
     MUXCY:CI->O           1   0.059   0.000  Mcount_prescaler_cy<2> (Mcount_prescaler_cy<2>)
     MUXCY:CI->O           1   0.059   0.000  Mcount_prescaler_cy<3> (Mcount_prescaler_cy<3>)
     MUXCY:CI->O           1   0.059   0.000  Mcount_prescaler_cy<4> (Mcount_prescaler_cy<4>)
     MUXCY:CI->O           1   0.059   0.000  Mcount_prescaler_cy<5> (Mcount_prescaler_cy<5>)
     MUXCY:CI->O           1   0.059   0.000  Mcount_prescaler_cy<6> (Mcount_prescaler_cy<6>)
     MUXCY:CI->O           1   0.059   0.000  Mcount_prescaler_cy<7> (Mcount_prescaler_cy<7>)
     MUXCY:CI->O           1   0.059   0.000  Mcount_prescaler_cy<8> (Mcount_prescaler_cy<8>)
     MUXCY:CI->O           0   0.059   0.000  Mcount_prescaler_cy<9> (Mcount_prescaler_cy<9>)
     XORCY:CI->O           1   0.804   0.000  Mcount_prescaler_xor<10> (Result<10>)
     FD:D                      0.308          prescaler_10
    ----------------------------------------
    Total                      3.965ns (3.343ns logic, 0.622ns route)
                                       (84.3% logic, 15.7% route)

=========================================================================
Timing constraint: Default OFFSET OUT AFTER for Clock 'clk'
  Total number of paths / destination ports: 88 / 8
-------------------------------------------------------------------------
Offset:              7.282ns (Levels of Logic = 11)
  Source:            prescaler_0 (FF)
  Destination:       Pin<7> (PAD)
  Source Clock:      clk rising

  Data Path: prescaler_0 to Pin<7>
                                Gate     Net
    Cell:in->out      fanout   Delay   Delay  Logical Name (Net Name)
    ----------------------------------------  ------------
     FD:C->Q               2   0.591   0.622  prescaler_0 (prescaler_0)
     LUT3:I0->O            1   0.704   0.000  Mcompar_Pin_cmp_gt0000_lut<0> (Mcompar_Pin_cmp_gt0000_lut<0>)
     MUXCY:S->O            1   0.464   0.000  Mcompar_Pin_cmp_gt0000_cy<0> (Mcompar_Pin_cmp_gt0000_cy<0>)
     MUXCY:CI->O           1   0.059   0.000  Mcompar_Pin_cmp_gt0000_cy<1> (Mcompar_Pin_cmp_gt0000_cy<1>)
     MUXCY:CI->O           1   0.059   0.000  Mcompar_Pin_cmp_gt0000_cy<2> (Mcompar_Pin_cmp_gt0000_cy<2>)
     MUXCY:CI->O           1   0.059   0.000  Mcompar_Pin_cmp_gt0000_cy<3> (Mcompar_Pin_cmp_gt0000_cy<3>)
     MUXCY:CI->O           1   0.059   0.000  Mcompar_Pin_cmp_gt0000_cy<4> (Mcompar_Pin_cmp_gt0000_cy<4>)
     MUXCY:CI->O           1   0.059   0.000  Mcompar_Pin_cmp_gt0000_cy<5> (Mcompar_Pin_cmp_gt0000_cy<5>)
     MUXCY:CI->O           1   0.059   0.000  Mcompar_Pin_cmp_gt0000_cy<6> (Mcompar_Pin_cmp_gt0000_cy<6>)
     MUXCY:CI->O           1   0.059   0.000  Mcompar_Pin_cmp_gt0000_cy<7> (Mcompar_Pin_cmp_gt0000_cy<7>)
     MUXCY:CI->O           8   0.459   0.757  Mcompar_Pin_cmp_gt0000_cy<8> (Mcompar_Pin_cmp_gt0000_cy<8>)
     OBUF:I->O                 3.272          Pin_7_OBUF (Pin<7>)
    ----------------------------------------
    Total                      7.282ns (5.903ns logic, 1.379ns route)
                                       (81.1% logic, 18.9% route)

=========================================================================
Timing constraint: Default path analysis
  Total number of paths / destination ports: 136 / 16
-------------------------------------------------------------------------
Delay:               7.850ns (Levels of Logic = 11)
  Source:            switch<0> (PAD)
  Destination:       Pin<7> (PAD)

  Data Path: switch<0> to Pin<7>
                                Gate     Net
    Cell:in->out      fanout   Delay   Delay  Logical Name (Net Name)
    ----------------------------------------  ------------
     IBUF:I->O             2   1.218   0.622  switch_0_IBUF (LED_0_OBUF)
     LUT2:I0->O            1   0.704   0.000  Mcompar_Pin_cmp_gt0000_lut<1> (Mcompar_Pin_cmp_gt0000_lut<1>)
     MUXCY:S->O            1   0.464   0.000  Mcompar_Pin_cmp_gt0000_cy<1> (Mcompar_Pin_cmp_gt0000_cy<1>)
     MUXCY:CI->O           1   0.059   0.000  Mcompar_Pin_cmp_gt0000_cy<2> (Mcompar_Pin_cmp_gt0000_cy<2>)
     MUXCY:CI->O           1   0.059   0.000  Mcompar_Pin_cmp_gt0000_cy<3> (Mcompar_Pin_cmp_gt0000_cy<3>)
     MUXCY:CI->O           1   0.059   0.000  Mcompar_Pin_cmp_gt0000_cy<4> (Mcompar_Pin_cmp_gt0000_cy<4>)
     MUXCY:CI->O           1   0.059   0.000  Mcompar_Pin_cmp_gt0000_cy<5> (Mcompar_Pin_cmp_gt0000_cy<5>)
     MUXCY:CI->O           1   0.059   0.000  Mcompar_Pin_cmp_gt0000_cy<6> (Mcompar_Pin_cmp_gt0000_cy<6>)
     MUXCY:CI->O           1   0.059   0.000  Mcompar_Pin_cmp_gt0000_cy<7> (Mcompar_Pin_cmp_gt0000_cy<7>)
     MUXCY:CI->O           8   0.459   0.757  Mcompar_Pin_cmp_gt0000_cy<8> (Mcompar_Pin_cmp_gt0000_cy<8>)
     OBUF:I->O                 3.272          Pin_7_OBUF (Pin<7>)
    ----------------------------------------
    Total                      7.850ns (6.471ns logic, 1.379ns route)
                                       (82.4% logic, 17.6% route)

=========================================================================


Total REAL time to Xst completion: 5.00 secs
Total CPU time to Xst completion: 4.43 secs
 
--> 

Total memory usage is 254324 kilobytes

Number of errors   :    0 (   0 filtered)
Number of warnings :    0 (   0 filtered)
Number of infos    :    0 (   0 filtered)

